

2023-06-27 10:56:28 0 [Note] mariadbd (initiated by: unknown): Normal shutdown
2023-06-27 10:56:28 0 [Note] Event Scheduler: Killing the scheduler thread, thread id 1
2023-06-27 10:56:28 0 [Note] Event Scheduler: Waiting for the scheduler thread to reply
2023-06-27 10:56:28 0 [Note] Event Scheduler: Stopped
2023-06-27 10:56:28 0 [Note] InnoDB: FTS optimize thread exiting.
2023-06-27 10:56:28 0 [Note] InnoDB: Starting shutdown...
2023-06-27 10:56:28 0 [Note] InnoDB: Dumping buffer pool(s) to /var/lib/mysql/ib_buffer_pool
2023-06-27 10:56:28 0 [Note] InnoDB: Buffer pool(s) dump completed at 230627 10:56:28
2023-06-27 10:56:28 0 [Note] InnoDB: Removed temporary tablespace data file: "./ibtmp1"
2023-06-27 10:56:28 0 [Note] InnoDB: Shutdown completed; log sequence number 46896; transaction id 17
2023-06-27 10:56:28 0 [Note] mariadbd: Shutdown complete

2023-06-27 10:56:38 0 [Note] Starting MariaDB 10.9.6-MariaDB-1:10.9.6+maria~ubu2204 source revision 34762401297a98114cac7c02f664f52ccf20f809 as process 1
2023-06-27 10:56:38 0 [Note] InnoDB: Compressed tables use zlib 1.2.11
2023-06-27 10:56:38 0 [Note] InnoDB: Number of transaction pools: 1
2023-06-27 10:56:38 0 [Note] InnoDB: Using crc32 + pclmulqdq instructions
2023-06-27 10:56:38 0 [Note] mariadbd: O_TMPFILE is not supported on /tmp (disabling future attempts)
2023-06-27 10:56:38 0 [Note] InnoDB: Initializing buffer pool, total size = 512.000MiB, chunk size = 8.000MiB
2023-06-27 10:56:38 0 [Note] InnoDB: Completed initialization of buffer pool
2023-06-27 10:56:38 0 [Note] InnoDB: File system buffers for log disabled (block size=512 bytes)
2023-06-27 10:56:38 0 [Note] InnoDB: 128 rollback segments are active.
2023-06-27 10:56:38 0 [Note] InnoDB: Setting file './ibtmp1' size to 12.000MiB. Physically writing the file full; Please wait ...
2023-06-27 10:56:38 0 [Note] InnoDB: File './ibtmp1' size is now 12.000MiB.
2023-06-27 10:56:38 0 [Note] InnoDB: log sequence number 46896; transaction id 16
2023-06-27 10:56:38 0 [Note] InnoDB: Loading buffer pool(s) from /var/lib/mysql/ib_buffer_pool
2023-06-27 10:56:38 0 [Note] Plugin 'FEEDBACK' is disabled.
2023-06-27 10:56:38 0 [Note] InnoDB: Buffer pool(s) load completed at 230627 10:56:38
2023-06-27 10:56:38 0 [Warning] 'default-authentication-plugin' is MySQL 5.6 / 5.7 compatible option. To be implemented in later versions.
2023-06-27 10:56:38 0 [Warning] You need to use --log-bin to make --expire-logs-days or --binlog-expire-logs-seconds work.
2023-06-27 10:56:38 0 [Note] Server socket created on IP: '0.0.0.0'.
2023-06-27 10:56:38 0 [Note] Server socket created on IP: '::'.
2023-06-27 10:56:38 1 [Note] Event Scheduler: scheduler thread started with id 1
2023-06-27 10:56:38 0 [Note] mariadbd: ready for connections.
Version: '10.9.6-MariaDB-1:10.9.6+maria~ubu2204'  socket: '/run/mysqld/mysqld.sock'  port: 3306  mariadb.org binary distribution
2023-06-27 11:43:54 0 [Note] mariadbd (initiated by: unknown): Normal shutdown
2023-06-27 11:43:54 0 [Note] Event Scheduler: Killing the scheduler thread, thread id 1
2023-06-27 11:43:54 0 [Note] Event Scheduler: Waiting for the scheduler thread to reply
2023-06-27 11:43:54 0 [Note] Event Scheduler: Stopped
2023-06-27 11:43:54 0 [Note] InnoDB: FTS optimize thread exiting.
2023-06-27 11:43:54 0 [Note] InnoDB: Starting shutdown...
2023-06-27 11:43:54 0 [Note] InnoDB: Dumping buffer pool(s) to /var/lib/mysql/ib_buffer_pool
2023-06-27 11:43:54 0 [Note] InnoDB: Buffer pool(s) dump completed at 230627 11:43:54
2023-06-27 11:43:54 0 [Note] InnoDB: Removed temporary tablespace data file: "./ibtmp1"
2023-06-27 11:43:54 0 [Note] InnoDB: Shutdown completed; log sequence number 46896; transaction id 17
2023-06-27 11:43:54 0 [Note] mariadbd: Shutdown complete

2023-06-27 11:45:57 0 [Note] Starting MariaDB 10.9.6-MariaDB-1:10.9.6+maria~ubu2204 source revision 34762401297a98114cac7c02f664f52ccf20f809 as process 1
2023-06-27 11:45:57 0 [ERROR] mariadbd: Can't create/write to file './ddl_recovery.log' (Errcode: 13 "Permission denied")
2023-06-27 11:45:57 0 [ERROR] DDL_LOG: Failed to create ddl log file: ./ddl_recovery.log
2023-06-27 11:45:57 0 [ERROR] Aborting
2023-06-27 11:45:59 0 [Note] Starting MariaDB 10.9.6-MariaDB-1:10.9.6+maria~ubu2204 source revision 34762401297a98114cac7c02f664f52ccf20f809 as process 1
2023-06-27 11:45:59 0 [ERROR] mariadbd: Can't create/write to file './ddl_recovery.log' (Errcode: 13 "Permission denied")
2023-06-27 11:45:59 0 [ERROR] DDL_LOG: Failed to create ddl log file: ./ddl_recovery.log
2023-06-27 11:45:59 0 [ERROR] Aborting
2023-06-27 11:46:01 0 [Note] Starting MariaDB 10.9.6-MariaDB-1:10.9.6+maria~ubu2204 source revision 34762401297a98114cac7c02f664f52ccf20f809 as process 1
2023-06-27 11:46:01 0 [ERROR] mariadbd: Can't create/write to file './ddl_recovery.log' (Errcode: 13 "Permission denied")
2023-06-27 11:46:01 0 [ERROR] DDL_LOG: Failed to create ddl log file: ./ddl_recovery.log
2023-06-27 11:46:01 0 [ERROR] Aborting
2023-06-27 11:46:03 0 [Note] Starting MariaDB 10.9.6-MariaDB-1:10.9.6+maria~ubu2204 source revision 34762401297a98114cac7c02f664f52ccf20f809 as process 1
2023-06-27 11:46:03 0 [ERROR] mariadbd: Can't create/write to file './ddl_recovery.log' (Errcode: 13 "Permission denied")
2023-06-27 11:46:03 0 [ERROR] DDL_LOG: Failed to create ddl log file: ./ddl_recovery.log
2023-06-27 11:46:03 0 [ERROR] Aborting
2023-06-27 11:46:05 0 [Note] Starting MariaDB 10.9.6-MariaDB-1:10.9.6+maria~ubu2204 source revision 34762401297a98114cac7c02f664f52ccf20f809 as process 1
2023-06-27 11:46:05 0 [ERROR] mariadbd: Can't create/write to file './ddl_recovery.log' (Errcode: 13 "Permission denied")
2023-06-27 11:46:05 0 [ERROR] DDL_LOG: Failed to create ddl log file: ./ddl_recovery.log
2023-06-27 11:46:05 0 [ERROR] Aborting
2023-06-27 11:46:08 0 [Note] Starting MariaDB 10.9.6-MariaDB-1:10.9.6+maria~ubu2204 source revision 34762401297a98114cac7c02f664f52ccf20f809 as process 1
2023-06-27 11:46:08 0 [ERROR] mariadbd: Can't create/write to file './ddl_recovery.log' (Errcode: 13 "Permission denied")
2023-06-27 11:46:08 0 [ERROR] DDL_LOG: Failed to create ddl log file: ./ddl_recovery.log
2023-06-27 11:46:08 0 [ERROR] Aborting
2023-06-27 11:46:12 0 [Note] Starting MariaDB 10.9.6-MariaDB-1:10.9.6+maria~ubu2204 source revision 34762401297a98114cac7c02f664f52ccf20f809 as process 1
2023-06-27 11:46:12 0 [ERROR] mariadbd: Can't create/write to file './ddl_recovery.log' (Errcode: 13 "Permission denied")
2023-06-27 11:46:12 0 [ERROR] DDL_LOG: Failed to create ddl log file: ./ddl_recovery.log
2023-06-27 11:46:12 0 [ERROR] Aborting
2023-06-27 11:46:20 0 [Note] Starting MariaDB 10.9.6-MariaDB-1:10.9.6+maria~ubu2204 source revision 34762401297a98114cac7c02f664f52ccf20f809 as process 1
2023-06-27 11:46:20 0 [ERROR] mariadbd: Can't create/write to file './ddl_recovery.log' (Errcode: 13 "Permission denied")
2023-06-27 11:46:20 0 [ERROR] DDL_LOG: Failed to create ddl log file: ./ddl_recovery.log
2023-06-27 11:46:20 0 [ERROR] Aborting
2023-06-27 11:46:34 0 [Note] Starting MariaDB 10.9.6-MariaDB-1:10.9.6+maria~ubu2204 source revision 34762401297a98114cac7c02f664f52ccf20f809 as process 1
2023-06-27 11:46:34 0 [ERROR] mariadbd: Can't create/write to file './ddl_recovery.log' (Errcode: 13 "Permission denied")
2023-06-27 11:46:34 0 [ERROR] DDL_LOG: Failed to create ddl log file: ./ddl_recovery.log
2023-06-27 11:46:34 0 [ERROR] Aborting
2023-06-27 11:47:01 0 [Note] Starting MariaDB 10.9.6-MariaDB-1:10.9.6+maria~ubu2204 source revision 34762401297a98114cac7c02f664f52ccf20f809 as process 1
2023-06-27 11:47:01 0 [ERROR] mariadbd: Can't create/write to file './ddl_recovery.log' (Errcode: 13 "Permission denied")
2023-06-27 11:47:01 0 [ERROR] DDL_LOG: Failed to create ddl log file: ./ddl_recovery.log
2023-06-27 11:47:01 0 [ERROR] Aborting
2023-06-27 11:47:43 0 [Note] Starting MariaDB 10.9.6-MariaDB-1:10.9.6+maria~ubu2204 source revision 34762401297a98114cac7c02f664f52ccf20f809 as process 1
2023-06-27 11:47:43 0 [Note] InnoDB: Compressed tables use zlib 1.2.11
2023-06-27 11:47:43 0 [Note] InnoDB: Number of transaction pools: 1
2023-06-27 11:47:43 0 [Note] InnoDB: Using crc32 + pclmulqdq instructions
2023-06-27 11:47:43 0 [Note] mariadbd: O_TMPFILE is not supported on /tmp (disabling future attempts)
2023-06-27 11:47:43 0 [Note] InnoDB: Initializing buffer pool, total size = 512.000MiB, chunk size = 8.000MiB
2023-06-27 11:47:43 0 [Note] InnoDB: Completed initialization of buffer pool
2023-06-27 11:47:43 0 [Note] InnoDB: File system buffers for log disabled (block size=512 bytes)
2023-06-27 11:47:43 0 [Note] InnoDB: 128 rollback segments are active.
2023-06-27 11:47:43 0 [Note] InnoDB: Setting file './ibtmp1' size to 12.000MiB. Physically writing the file full; Please wait ...
2023-06-27 11:47:43 0 [Note] InnoDB: File './ibtmp1' size is now 12.000MiB.
2023-06-27 11:47:43 0 [Note] InnoDB: log sequence number 46896; transaction id 16
2023-06-27 11:47:43 0 [Note] InnoDB: Loading buffer pool(s) from /var/lib/mysql/ib_buffer_pool
2023-06-27 11:47:43 0 [Note] Plugin 'FEEDBACK' is disabled.
2023-06-27 11:47:43 0 [Note] InnoDB: Buffer pool(s) load completed at 230627 11:47:43
2023-06-27 11:47:43 0 [Warning] 'default-authentication-plugin' is MySQL 5.6 / 5.7 compatible option. To be implemented in later versions.
2023-06-27 11:47:43 0 [Warning] You need to use --log-bin to make --expire-logs-days or --binlog-expire-logs-seconds work.
2023-06-27 11:47:43 0 [Note] Server socket created on IP: '0.0.0.0'.
2023-06-27 11:47:43 0 [Note] Server socket created on IP: '::'.
2023-06-27 11:47:43 1 [Note] Event Scheduler: scheduler thread started with id 1
2023-06-27 11:47:43 0 [Note] mariadbd: ready for connections.
Version: '10.9.6-MariaDB-1:10.9.6+maria~ubu2204'  socket: '/run/mysqld/mysqld.sock'  port: 3306  mariadb.org binary distribution
2023-06-27 17:31:13 0 [Note] mariadbd (initiated by: unknown): Normal shutdown
2023-06-27 17:31:13 0 [Note] Event Scheduler: Killing the scheduler thread, thread id 1
2023-06-27 17:31:13 0 [Note] Event Scheduler: Waiting for the scheduler thread to reply
2023-06-27 17:31:13 0 [Note] Event Scheduler: Stopped
2023-06-27 17:31:13 0 [Note] InnoDB: FTS optimize thread exiting.
2023-06-27 17:31:13 0 [Note] InnoDB: Starting shutdown...
2023-06-27 17:31:13 0 [Note] InnoDB: Dumping buffer pool(s) to /var/lib/mysql/ib_buffer_pool
2023-06-27 17:31:13 0 [Note] InnoDB: Buffer pool(s) dump completed at 230627 17:31:13
2023-06-27 17:31:13 0 [Note] InnoDB: Removed temporary tablespace data file: "./ibtmp1"
2023-06-27 17:31:13 0 [Note] InnoDB: Shutdown completed; log sequence number 46896; transaction id 17
2023-06-27 17:31:13 0 [Note] mariadbd: Shutdown complete

